<?xml version="1.0" encoding="UTF-8"?>
<!-- Generated by org.testng.reporters.JUnitReportReporter -->
<testsuite hostname="ARUN-PC" failures="0" tests="9" name="com.testScript.ElectronicTest" time="99.758" errors="0" timestamp="2024-04-25T15:29:23 IST" skipped="0">
  <testcase classname="com.testScript.ElectronicTest" name="register" time="21.598"/>
  <testcase classname="com.testScript.ElectronicTest" name="register" time="20.552"/>
  <testcase classname="com.testScript.ElectronicTest" name="payment" time="5.040"/>
  <testcase classname="com.testScript.ElectronicTest" name="addToCart" time="5.442"/>
  <testcase classname="com.testScript.ElectronicTest" name="register" time="8.107"/>
  <testcase classname="com.testScript.ElectronicTest" name="login" time="5.464"/>
  <testcase classname="com.testScript.ElectronicTest" name="confirmPayment" time="4.832"/>
  <testcase classname="com.testScript.ElectronicTest" name="register" time="8.058"/>
  <testcase classname="com.testScript.ElectronicTest" name="register" time="20.665"/>
</testsuite> <!-- com.testScript.ElectronicTest -->
