<?xml version="1.0" encoding="UTF-8"?>
<!-- Generated by org.testng.reporters.JUnitReportReporter -->
<testsuite hostname="ARUN-PC" failures="0" tests="1" name="com.testScript.Assert" time="21.108" errors="0" timestamp="2024-05-01T15:33:35 IST" skipped="0">
  <testcase classname="com.testScript.Assert" name="books" time="21.108"/>
</testsuite> <!-- com.testScript.Assert -->
